<?xml version="1.0" encoding="UTF-8"?>
<!-- Generated by org.testng.reporters.JUnitReportReporter -->
<testsuite hostname="users-iMac.local" name="DemoJenkins.DemoJenkinsJobs" tests="1" failures="0" timestamp="1 Apr 2016 11:58:59 GMT" time="0.030" errors="0">
  <testcase name="testJenkins" time="0.030" classname="DemoJenkins.DemoJenkinsJobs"/>
</testsuite> <!-- DemoJenkins.DemoJenkinsJobs -->
